[2022-12-29 03:59:25,035] 15 root -INFO ->>>>>>>>>>>>>>>>>>>>>>>>>>>>>>>>>>>>>>>> Data Ingestion <<<<<<<<<<<<<<<<<<<<<<<<<<<<<<<<<<<<<<<<
[2022-12-29 03:59:25,035] 23 root -INFO -Exporting Collection data as Pandas Dataframe
[2022-12-29 03:59:25,035] 15 root -INFO -Reading data from database:aps and collection: sensor
[2022-12-29 03:59:28,475] 17 root -INFO -Found columns:Index(['_id', 'class', 'aa_000', 'ab_000', 'ac_000', 'ad_000', 'ae_000',
       'af_000', 'ag_000', 'ag_001',
       ...
       'ee_002', 'ee_003', 'ee_004', 'ee_005', 'ee_006', 'ee_007', 'ee_008',
       'ee_009', 'ef_000', 'eg_000'],
      dtype='object', length=172)
[2022-12-29 03:59:28,476] 19 root -INFO -Dropping column: _id
[2022-12-29 03:59:28,672] 21 root -INFO -Row and columns in df:(36188, 171)
[2022-12-29 03:59:28,672] 25 root -INFO -Save  data in feature store
[2022-12-29 03:59:29,203] 34 root -INFO -save df to feature store folder
[2022-12-29 03:59:31,514] 40 root -INFO -split dataset into train and test set
[2022-12-29 03:59:32,077] 43 root -INFO -Creating dataset directory folder if not available
[2022-12-29 03:59:32,078] 48 root -INFO -save df to feature store folder
[2022-12-29 03:59:34,157] 57 root -INFO -Data ingestion artifact:DataIngestionArtifact(feature_store_file_path='/config/workspace/artifact/12292022_035925/data_ingestion/feature_store', train_file_path='/config/workspace/artifact/12292022_035925/data_ingestion/dataset/train.csv', test_file_path='/config/workspace/artifact/12292022_035925/data_ingestion/dataset/test.csv')
[2022-12-29 03:59:34,579] 14 root -INFO ->>>>>>>>>>>>>>>>>>>>>>>>>>>>>>>>>>>>>>>> Data Validation <<<<<<<<<<<<<<<<<<<<<<<<<<<<<<<<<<<<<<<<
[2022-12-29 03:59:34,579] 106 root -INFO -Reading base dataframe
[2022-12-29 03:59:37,490] 109 root -INFO -Replace na value in base df
[2022-12-29 03:59:37,490] 111 root -INFO -Drop null values colums from base df
[2022-12-29 03:59:38,387] 39 root -INFO -selecting columns names which contains null values more than threshold 0.2
[2022-12-29 03:59:38,388] 42 root -INFO -columns to drop :Index(['ab_000', 'bk_000', 'bl_000', 'bm_000', 'bn_000', 'bo_000', 'bp_000',
       'bq_000', 'br_000', 'cr_000'],
      dtype='object')
[2022-12-29 03:59:38,480] 114 root -INFO -Reading train dataframe
[2022-12-29 03:59:38,850] 116 root -INFO -Reading test dataframe
[2022-12-29 03:59:38,950] 119 root -INFO -Drop null values colums from train df
[2022-12-29 03:59:38,962] 39 root -INFO -selecting columns names which contains null values more than threshold 0.2
[2022-12-29 03:59:38,962] 42 root -INFO -columns to drop :Index(['ab_000', 'bk_000', 'bl_000', 'bm_000', 'bn_000', 'bo_000', 'bp_000',
       'bq_000', 'br_000', 'cr_000'],
      dtype='object')
[2022-12-29 03:59:38,973] 121 root -INFO -Drop null values colums from test df
[2022-12-29 03:59:38,977] 39 root -INFO -selecting columns names which contains null values more than threshold 0.2
[2022-12-29 03:59:38,977] 42 root -INFO -columns to drop :Index(['ab_000', 'bk_000', 'bl_000', 'bm_000', 'bn_000', 'bo_000', 'bp_000',
       'bq_000', 'br_000', 'cr_000'],
      dtype='object')
[2022-12-29 03:59:46,133] 130 root -INFO -Is all required columns present in train df
[2022-12-29 03:59:46,134] 132 root -INFO -Is all required columns present in test df
[2022-12-29 03:59:46,134] 136 root -INFO -As all column are available in train df hence detecting data drift
